Reading netlist file: "D:\Backup1\AI Hardware Accelerator\GoAI\GoWin_Project\GoWin_DK_Start\led_flash\GoWIN_FPGA_LED_Flash\impl\gwsynthesis\led_flash.vg"
Parsing netlist file "D:\Backup1\AI Hardware Accelerator\GoAI\GoWin_Project\GoWin_DK_Start\led_flash\GoWIN_FPGA_LED_Flash\impl\gwsynthesis\led_flash.vg" completed
Processing netlist completed
Reading constraint file: "D:\Backup1\AI Hardware Accelerator\GoAI\GoWin_Project\GoWin_DK_Start\led_flash\GoWIN_FPGA_LED_Flash\src\led_flash.cst"
Physical Constraint parsed completed
Running placement......
[10%] Placement Phase 0 completed
[20%] Placement Phase 1 completed
[30%] Placement Phase 2 completed
WARN  (TA1132) :  'clk' was determined to be a clock but was not created.
[50%] Placement Phase 3 completed
Running routing......
[60%] Routing Phase 0 completed
[70%] Routing Phase 1 completed
[80%] Routing Phase 2 completed
[90%] Routing Phase 3 completed
Running timing analysis......
[95%] Timing analysis completed
Placement and routing completed
Bitstream generation in progress......
Bitstream generation completed
Running power analysis......
[100%] Power analysis completed
Generate file "D:\Backup1\AI Hardware Accelerator\GoAI\GoWin_Project\GoWin_DK_Start\led_flash\GoWIN_FPGA_LED_Flash\impl\pnr\led_flash.power.html" completed
Generate file "D:\Backup1\AI Hardware Accelerator\GoAI\GoWin_Project\GoWin_DK_Start\led_flash\GoWIN_FPGA_LED_Flash\impl\pnr\led_flash.pin.html" completed
Generate file "D:\Backup1\AI Hardware Accelerator\GoAI\GoWin_Project\GoWin_DK_Start\led_flash\GoWIN_FPGA_LED_Flash\impl\pnr\led_flash.rpt.html" completed
Generate file "D:\Backup1\AI Hardware Accelerator\GoAI\GoWin_Project\GoWin_DK_Start\led_flash\GoWIN_FPGA_LED_Flash\impl\pnr\led_flash.rpt.txt" completed
Generate file "D:\Backup1\AI Hardware Accelerator\GoAI\GoWin_Project\GoWin_DK_Start\led_flash\GoWIN_FPGA_LED_Flash\impl\pnr\led_flash.tr.html" completed
Sun Jun 22 17:46:51 2025

